<?xml version="1.0" encoding="UTF-8"?>
<coverage generated="1656126429166" clover="3.2.0">
  <project timestamp="1656126429166" name="All files">
    <metrics statements="25" coveredstatements="17" conditionals="26" coveredconditionals="16" methods="7" coveredmethods="5" elements="58" coveredelements="38" complexity="0" loc="25" ncloc="25" packages="1" files="3" classes="3"/>
    <file name="arrays.js" path="C:\Users\s.castillo.laiza\Downloads\Testing\semanaTest-1\arrays.js">
      <metrics statements="4" coveredstatements="4" conditionals="0" coveredconditionals="0" methods="0" coveredmethods="0"/>
      <line num="1" count="1" type="stmt"/>
      <line num="2" count="1" type="stmt"/>
      <line num="3" count="1" type="stmt"/>
      <line num="10" count="1" type="stmt"/>
    </file>
    <file name="calculadora.js" path="C:\Users\s.castillo.laiza\Downloads\Testing\semanaTest-1\calculadora.js">
      <metrics statements="9" coveredstatements="9" conditionals="16" coveredconditionals="16" methods="4" coveredmethods="4"/>
      <line num="1" count="2" type="stmt"/>
      <line num="3" count="2" type="stmt"/>
      <line num="5" count="2" type="stmt"/>
      <line num="7" count="2" type="stmt"/>
      <line num="10" count="4" type="cond" truecount="4" falsecount="0"/>
      <line num="14" count="6" type="cond" truecount="4" falsecount="0"/>
      <line num="17" count="2" type="cond" truecount="4" falsecount="0"/>
      <line num="20" count="5" type="cond" truecount="4" falsecount="0"/>
      <line num="22" count="2" type="stmt"/>
    </file>
    <file name="util.js" path="C:\Users\s.castillo.laiza\Downloads\Testing\semanaTest-1\util.js">
      <metrics statements="12" coveredstatements="4" conditionals="10" coveredconditionals="0" methods="3" coveredmethods="1"/>
      <line num="1" count="1" type="stmt"/>
      <line num="2" count="3" type="stmt"/>
      <line num="5" count="1" type="stmt"/>
      <line num="6" count="0" type="stmt"/>
      <line num="7" count="0" type="stmt"/>
      <line num="8" count="0" type="stmt"/>
      <line num="9" count="0" type="stmt"/>
      <line num="12" count="1" type="stmt"/>
      <line num="13" count="0" type="cond" truecount="0" falsecount="2"/>
      <line num="14" count="0" type="cond" truecount="0" falsecount="4"/>
      <line num="15" count="0" type="cond" truecount="0" falsecount="4"/>
      <line num="16" count="0" type="stmt"/>
    </file>
  </project>
</coverage>
