{"C:\\Users\\s.castillo.laiza\\Downloads\\Testing\\semanaTest-1\\arrays.js": {"path":"C:\\Users\\s.castillo.laiza\\Downloads\\Testing\\semanaTest-1\\arrays.js","statementMap":{"0":{"start":{"line":1,"column":19},"end":{"line":1,"column":88}},"1":{"start":{"line":2,"column":13},"end":{"line":2,"column":87}},"2":{"start":{"line":3,"column":14},"end":{"line":8,"column":1}},"3":{"start":{"line":10,"column":0},"end":{"line":14,"column":1}}},"fnMap":{},"branchMap":{},"s":{"0":1,"1":1,"2":1,"3":1},"f":{},"b":{},"_coverageSchema":"1a1c01bbd47fc00a2c39e90264f33305004495a9","hash":"a1cb9494cc54994e1bea6a9e44fdfccf322a34f3"}
,"C:\\Users\\s.castillo.laiza\\Downloads\\Testing\\semanaTest-1\\calculadora.js": {"path":"C:\\Users\\s.castillo.laiza\\Downloads\\Testing\\semanaTest-1\\calculadora.js","statementMap":{"0":{"start":{"line":1,"column":15},"end":{"line":1,"column":19}},"1":{"start":{"line":3,"column":16},"end":{"line":3,"column":21}},"2":{"start":{"line":5,"column":15},"end":{"line":5,"column":19}},"3":{"start":{"line":7,"column":20},"end":{"line":7,"column":29}},"4":{"start":{"line":10,"column":4},"end":{"line":10,"column":44}},"5":{"start":{"line":14,"column":4},"end":{"line":14,"column":44}},"6":{"start":{"line":17,"column":4},"end":{"line":17,"column":44}},"7":{"start":{"line":20,"column":4},"end":{"line":20,"column":44}},"8":{"start":{"line":22,"column":0},"end":{"line":31,"column":2}}},"fnMap":{"0":{"name":"suma","decl":{"start":{"line":9,"column":9},"end":{"line":9,"column":13}},"loc":{"start":{"line":9,"column":20},"end":{"line":11,"column":1}},"line":9},"1":{"name":"resta","decl":{"start":{"line":13,"column":9},"end":{"line":13,"column":14}},"loc":{"start":{"line":13,"column":21},"end":{"line":15,"column":1}},"line":13},"2":{"name":"division","decl":{"start":{"line":16,"column":9},"end":{"line":16,"column":17}},"loc":{"start":{"line":16,"column":24},"end":{"line":18,"column":1}},"line":16},"3":{"name":"multiplicacion","decl":{"start":{"line":19,"column":9},"end":{"line":19,"column":23}},"loc":{"start":{"line":19,"column":30},"end":{"line":21,"column":1}},"line":19}},"branchMap":{"0":{"loc":{"start":{"line":10,"column":11},"end":{"line":10,"column":43}},"type":"cond-expr","locations":[{"start":{"line":10,"column":34},"end":{"line":10,"column":35}},{"start":{"line":10,"column":38},"end":{"line":10,"column":43}}],"line":10},"1":{"loc":{"start":{"line":10,"column":11},"end":{"line":10,"column":31}},"type":"binary-expr","locations":[{"start":{"line":10,"column":11},"end":{"line":10,"column":19}},{"start":{"line":10,"column":23},"end":{"line":10,"column":31}}],"line":10},"2":{"loc":{"start":{"line":14,"column":11},"end":{"line":14,"column":43}},"type":"cond-expr","locations":[{"start":{"line":14,"column":34},"end":{"line":14,"column":35}},{"start":{"line":14,"column":38},"end":{"line":14,"column":43}}],"line":14},"3":{"loc":{"start":{"line":14,"column":11},"end":{"line":14,"column":31}},"type":"binary-expr","locations":[{"start":{"line":14,"column":11},"end":{"line":14,"column":19}},{"start":{"line":14,"column":23},"end":{"line":14,"column":31}}],"line":14},"4":{"loc":{"start":{"line":17,"column":11},"end":{"line":17,"column":43}},"type":"cond-expr","locations":[{"start":{"line":17,"column":34},"end":{"line":17,"column":35}},{"start":{"line":17,"column":38},"end":{"line":17,"column":43}}],"line":17},"5":{"loc":{"start":{"line":17,"column":11},"end":{"line":17,"column":31}},"type":"binary-expr","locations":[{"start":{"line":17,"column":11},"end":{"line":17,"column":19}},{"start":{"line":17,"column":23},"end":{"line":17,"column":31}}],"line":17},"6":{"loc":{"start":{"line":20,"column":11},"end":{"line":20,"column":43}},"type":"cond-expr","locations":[{"start":{"line":20,"column":34},"end":{"line":20,"column":35}},{"start":{"line":20,"column":38},"end":{"line":20,"column":43}}],"line":20},"7":{"loc":{"start":{"line":20,"column":11},"end":{"line":20,"column":31}},"type":"binary-expr","locations":[{"start":{"line":20,"column":11},"end":{"line":20,"column":19}},{"start":{"line":20,"column":23},"end":{"line":20,"column":31}}],"line":20}},"s":{"0":2,"1":2,"2":2,"3":2,"4":4,"5":6,"6":2,"7":5,"8":2},"f":{"0":4,"1":6,"2":2,"3":5},"b":{"0":[1,3],"1":[4,3],"2":[1,5],"3":[6,5],"4":[1,1],"5":[2,1],"6":[1,4],"7":[5,4]},"_coverageSchema":"1a1c01bbd47fc00a2c39e90264f33305004495a9","hash":"2b8fb9f119d46da068e33431a034d7d5f9f0ab4c"}
,"C:\\Users\\s.castillo.laiza\\Downloads\\Testing\\semanaTest-1\\util.js": {"path":"C:\\Users\\s.castillo.laiza\\Downloads\\Testing\\semanaTest-1\\util.js","statementMap":{"0":{"start":{"line":1,"column":0},"end":{"line":3,"column":1}},"1":{"start":{"line":2,"column":4},"end":{"line":2,"column":40}},"2":{"start":{"line":5,"column":0},"end":{"line":10,"column":1}},"3":{"start":{"line":6,"column":23},"end":{"line":6,"column":51}},"4":{"start":{"line":7,"column":4},"end":{"line":7,"column":40}},"5":{"start":{"line":8,"column":4},"end":{"line":8,"column":34}},"6":{"start":{"line":9,"column":4},"end":{"line":9,"column":22}},"7":{"start":{"line":12,"column":0},"end":{"line":17,"column":1}},"8":{"start":{"line":13,"column":4},"end":{"line":13,"column":27}},"9":{"start":{"line":13,"column":14},"end":{"line":13,"column":27}},"10":{"start":{"line":14,"column":4},"end":{"line":14,"column":58}},"11":{"start":{"line":14,"column":45},"end":{"line":14,"column":58}},"12":{"start":{"line":15,"column":4},"end":{"line":15,"column":46}},"13":{"start":{"line":15,"column":33},"end":{"line":15,"column":46}},"14":{"start":{"line":16,"column":4},"end":{"line":16,"column":16}}},"fnMap":{"0":{"name":"(anonymous_0)","decl":{"start":{"line":1,"column":23},"end":{"line":1,"column":24}},"loc":{"start":{"line":1,"column":38},"end":{"line":3,"column":1}},"line":1},"1":{"name":"(anonymous_1)","decl":{"start":{"line":5,"column":24},"end":{"line":5,"column":25}},"loc":{"start":{"line":5,"column":51},"end":{"line":10,"column":1}},"line":5},"2":{"name":"(anonymous_2)","decl":{"start":{"line":12,"column":24},"end":{"line":12,"column":25}},"loc":{"start":{"line":12,"column":54},"end":{"line":17,"column":1}},"line":12}},"branchMap":{"0":{"loc":{"start":{"line":13,"column":4},"end":{"line":13,"column":27}},"type":"if","locations":[{"start":{"line":13,"column":4},"end":{"line":13,"column":27}},{"start":{},"end":{}}],"line":13},"1":{"loc":{"start":{"line":14,"column":4},"end":{"line":14,"column":58}},"type":"if","locations":[{"start":{"line":14,"column":4},"end":{"line":14,"column":58}},{"start":{},"end":{}}],"line":14},"2":{"loc":{"start":{"line":14,"column":7},"end":{"line":14,"column":43}},"type":"binary-expr","locations":[{"start":{"line":14,"column":7},"end":{"line":14,"column":15}},{"start":{"line":14,"column":19},"end":{"line":14,"column":43}}],"line":14},"3":{"loc":{"start":{"line":15,"column":4},"end":{"line":15,"column":46}},"type":"if","locations":[{"start":{"line":15,"column":4},"end":{"line":15,"column":46}},{"start":{},"end":{}}],"line":15},"4":{"loc":{"start":{"line":15,"column":7},"end":{"line":15,"column":31}},"type":"binary-expr","locations":[{"start":{"line":15,"column":7},"end":{"line":15,"column":15}},{"start":{"line":15,"column":19},"end":{"line":15,"column":31}}],"line":15}},"s":{"0":1,"1":3,"2":1,"3":0,"4":0,"5":0,"6":0,"7":1,"8":0,"9":0,"10":0,"11":0,"12":0,"13":0,"14":0},"f":{"0":3,"1":0,"2":0},"b":{"0":[0,0],"1":[0,0],"2":[0,0],"3":[0,0],"4":[0,0]},"_coverageSchema":"1a1c01bbd47fc00a2c39e90264f33305004495a9","hash":"1e3ac924db24e29ee4e944538121c160b1052266"}
}
