TN:
SF:arrays.js
FNF:0
FNH:0
DA:1,1
DA:2,1
DA:3,1
DA:10,1
LF:4
LH:4
BRF:0
BRH:0
end_of_record
TN:
SF:calculadora.js
FN:9,suma
FN:13,resta
FN:16,division
FN:19,multiplicacion
FNF:4
FNH:4
FNDA:4,suma
FNDA:6,resta
FNDA:2,division
FNDA:5,multiplicacion
DA:1,2
DA:3,2
DA:5,2
DA:7,2
DA:10,4
DA:14,6
DA:17,2
DA:20,5
DA:22,2
LF:9
LH:9
BRDA:10,0,0,1
BRDA:10,0,1,3
BRDA:10,1,0,4
BRDA:10,1,1,3
BRDA:14,2,0,1
BRDA:14,2,1,5
BRDA:14,3,0,6
BRDA:14,3,1,5
BRDA:17,4,0,1
BRDA:17,4,1,1
BRDA:17,5,0,2
BRDA:17,5,1,1
BRDA:20,6,0,1
BRDA:20,6,1,4
BRDA:20,7,0,5
BRDA:20,7,1,4
BRF:16
BRH:16
end_of_record
TN:
SF:util.js
FN:1,(anonymous_0)
FN:5,(anonymous_1)
FN:12,(anonymous_2)
FNF:3
FNH:1
FNDA:3,(anonymous_0)
FNDA:0,(anonymous_1)
FNDA:0,(anonymous_2)
DA:1,1
DA:2,3
DA:5,1
DA:6,0
DA:7,0
DA:8,0
DA:9,0
DA:12,1
DA:13,0
DA:14,0
DA:15,0
DA:16,0
LF:12
LH:4
BRDA:13,0,0,0
BRDA:13,0,1,0
BRDA:14,1,0,0
BRDA:14,1,1,0
BRDA:14,2,0,0
BRDA:14,2,1,0
BRDA:15,3,0,0
BRDA:15,3,1,0
BRDA:15,4,0,0
BRDA:15,4,1,0
BRF:10
BRH:0
end_of_record
